// 重构日志: c0dd9247
// 重构日志: 5d5406b1
// 重构日志: 77bb5f96
// 同步 ID: 57155386 @ Fri Jun 26 12:15:47 UTC 2026
// 重构日志: f12267c4
// 同步 ID: 18cabd9f @ Sat Jun 27 15:42:12 UTC 2026
// 重构日志: 20ad04e9
// 重构日志: d012de5d
// 重构日志: dc8e5fc1
// 重构日志: 551febf9
// 同步 ID: 3fb120d5 @ Tue Jul  7 12:00:34 UTC 2026
// 重构日志: 94ff210d
// 重构日志: 62f49e74
// 重构日志: a80c9a05
// 重构日志: 5a68c3ee
// 同步 ID: 0fec47df @ Wed Jul 15 10:02:32 UTC 2026
// 重构日志: f88f9dc6
// 重构日志: ccfe0656
// 同步 ID: b78e061d @ Fri Jul 17 08:04:33 UTC 2026
// 重构日志: 0230941e
// 重构日志: c55183ea
// 重构日志: 7ac58d82
